Determining if the pthread_create exist failed with the following output:
Change Dir: /home/zfserver/xuechong/gazebo_ws/mycity/build/CMakeFiles/CMakeTmp

Run Build Command:"/usr/bin/make" "cmTC_ecf0c/fast"
/usr/bin/make -f CMakeFiles/cmTC_ecf0c.dir/build.make CMakeFiles/cmTC_ecf0c.dir/build
make[1]: Entering directory '/home/zfserver/xuechong/gazebo_ws/mycity/build/CMakeFiles/CMakeTmp'
Building C object CMakeFiles/cmTC_ecf0c.dir/CheckSymbolExists.c.o
/usr/bin/cc     -o CMakeFiles/cmTC_ecf0c.dir/CheckSymbolExists.c.o   -c /home/zfserver/xuechong/gazebo_ws/mycity/build/CMakeFiles/CMakeTmp/CheckSymbolExists.c
Linking C executable cmTC_ecf0c
/usr/bin/cmake -E cmake_link_script CMakeFiles/cmTC_ecf0c.dir/link.txt --verbose=1
/usr/bin/cc       CMakeFiles/cmTC_ecf0c.dir/CheckSymbolExists.c.o  -o cmTC_ecf0c -rdynamic 
CMakeFiles/cmTC_ecf0c.dir/CheckSymbolExists.c.o: In function `main':
CheckSymbolExists.c:(.text+0x16): undefined reference to `pthread_create'
collect2: error: ld returned 1 exit status
CMakeFiles/cmTC_ecf0c.dir/build.make:97: recipe for target 'cmTC_ecf0c' failed
make[1]: *** [cmTC_ecf0c] Error 1
make[1]: Leaving directory '/home/zfserver/xuechong/gazebo_ws/mycity/build/CMakeFiles/CMakeTmp'
Makefile:126: recipe for target 'cmTC_ecf0c/fast' failed
make: *** [cmTC_ecf0c/fast] Error 2

File /home/zfserver/xuechong/gazebo_ws/mycity/build/CMakeFiles/CMakeTmp/CheckSymbolExists.c:
/* */
#include <pthread.h>

int main(int argc, char** argv)
{
  (void)argv;
#ifndef pthread_create
  return ((int*)(&pthread_create))[argc];
#else
  (void)argc;
  return 0;
#endif
}

Determining if the function pthread_create exists in the pthreads failed with the following output:
Change Dir: /home/zfserver/xuechong/gazebo_ws/mycity/build/CMakeFiles/CMakeTmp

Run Build Command:"/usr/bin/make" "cmTC_3631e/fast"
/usr/bin/make -f CMakeFiles/cmTC_3631e.dir/build.make CMakeFiles/cmTC_3631e.dir/build
make[1]: Entering directory '/home/zfserver/xuechong/gazebo_ws/mycity/build/CMakeFiles/CMakeTmp'
Building C object CMakeFiles/cmTC_3631e.dir/CheckFunctionExists.c.o
/usr/bin/cc    -DCHECK_FUNCTION_EXISTS=pthread_create   -o CMakeFiles/cmTC_3631e.dir/CheckFunctionExists.c.o   -c /usr/share/cmake-3.5/Modules/CheckFunctionExists.c
Linking C executable cmTC_3631e
/usr/bin/cmake -E cmake_link_script CMakeFiles/cmTC_3631e.dir/link.txt --verbose=1
/usr/bin/cc   -DCHECK_FUNCTION_EXISTS=pthread_create    CMakeFiles/cmTC_3631e.dir/CheckFunctionExists.c.o  -o cmTC_3631e -rdynamic -lpthreads 
/usr/bin/ld: cannot find -lpthreads
collect2: error: ld returned 1 exit status
CMakeFiles/cmTC_3631e.dir/build.make:97: recipe for target 'cmTC_3631e' failed
make[1]: *** [cmTC_3631e] Error 1
make[1]: Leaving directory '/home/zfserver/xuechong/gazebo_ws/mycity/build/CMakeFiles/CMakeTmp'
Makefile:126: recipe for target 'cmTC_3631e/fast' failed
make: *** [cmTC_3631e/fast] Error 2


